# JRE version: Java(TM) SE Runtime Environment (8.0_172-b03) (build 1.8.0_172-ea-b03)
# Java VM: Java HotSpot(TM) 64-Bit Server VM (25.172-b03 mixed mode windows-amd64 compressed oops)
Heap:
 PSYoungGen      total 104448K, used 6254K [0x0000000780780000, 0x000000078a700000, 0x00000007c0000000)
  eden space 96256K, 0% used [0x0000000780780000,0x0000000780780000,0x0000000786580000)
  from space 8192K, 76% used [0x0000000786f80000,0x000000078759bbc8,0x0000000787780000)
  to   space 10240K, 0% used [0x0000000786580000,0x0000000786580000,0x0000000786f80000)
 ParOldGen       total 67072K, used 16287K [0x0000000701600000, 0x0000000705780000, 0x0000000780780000)
  object space 67072K, 24% used [0x0000000701600000,0x00000007025e7d40,0x0000000705780000)
 Metaspace       used 34836K, capacity 35310K, committed 35496K, reserved 1081344K
  class space    used 4359K, capacity 4490K, committed 4528K, reserved 1048576K
GC Heap History (10 events):
Event: 11.701 GC heap after
Heap after GC invocations=11 (full 1):
 PSYoungGen      total 106496K, used 1745K [0x0000000780780000, 0x0000000787780000, 0x00000007c0000000)
  eden space 98304K, 0% used [0x0000000780780000,0x0000000780780000,0x0000000786780000)
  from space 8192K, 21% used [0x0000000786f80000,0x0000000787134770,0x0000000787780000)
  to   space 8192K, 0% used [0x0000000786780000,0x0000000786780000,0x0000000786f80000)
 ParOldGen       total 67072K, used 10334K [0x0000000701600000, 0x0000000705780000, 0x0000000780780000)
  object space 67072K, 15% used [0x0000000701600000,0x00000007020178b0,0x0000000705780000)
 Metaspace       used 26581K, capacity 26982K, committed 27184K, reserved 1075200K
  class space    used 3277K, capacity 3374K, committed 3376K, reserved 1048576K
}
Event: 12.351 GC heap before
{Heap before GC invocations=12 (full 1):
 PSYoungGen      total 106496K, used 100049K [0x0000000780780000, 0x0000000787780000, 0x00000007c0000000)
  eden space 98304K, 100% used [0x0000000780780000,0x0000000786780000,0x0000000786780000)
  from space 8192K, 21% used [0x0000000786f80000,0x0000000787134770,0x0000000787780000)
  to   space 8192K, 0% used [0x0000000786780000,0x0000000786780000,0x0000000786f80000)
 ParOldGen       total 67072K, used 10334K [0x0000000701600000, 0x0000000705780000, 0x0000000780780000)
  object space 67072K, 15% used [0x0000000701600000,0x00000007020178b0,0x0000000705780000)
 Metaspace       used 27065K, capacity 27436K, committed 27568K, reserved 1075200K
  class space    used 3323K, capacity 3439K, committed 3504K, reserved 1048576K
Event: 12.356 GC heap after
Heap after GC invocations=12 (full 1):
 PSYoungGen      total 106496K, used 1470K [0x0000000780780000, 0x0000000787780000, 0x00000007c0000000)
  eden space 98304K, 0% used [0x0000000780780000,0x0000000780780000,0x0000000786780000)
  from space 8192K, 17% used [0x0000000786780000,0x00000007868ef9c8,0x0000000786f80000)
  to   space 8192K, 0% used [0x0000000786f80000,0x0000000786f80000,0x0000000787780000)
 ParOldGen       total 67072K, used 11606K [0x0000000701600000, 0x0000000705780000, 0x0000000780780000)
  object space 67072K, 17% used [0x0000000701600000,0x00000007021558b0,0x0000000705780000)
 Metaspace       used 27065K, capacity 27436K, committed 27568K, reserved 1075200K
  class space    used 3323K, capacity 3439K, committed 3504K, reserved 1048576K
}
Event: 13.564 GC heap before
{Heap before GC invocations=13 (full 1):
 PSYoungGen      total 106496K, used 99774K [0x0000000780780000, 0x0000000787780000, 0x00000007c0000000)
  eden space 98304K, 100% used [0x0000000780780000,0x0000000786780000,0x0000000786780000)
  from space 8192K, 17% used [0x0000000786780000,0x00000007868ef9c8,0x0000000786f80000)
  to   space 8192K, 0% used [0x0000000786f80000,0x0000000786f80000,0x0000000787780000)
 ParOldGen       total 67072K, used 11606K [0x0000000701600000, 0x0000000705780000, 0x0000000780780000)
  object space 67072K, 17% used [0x0000000701600000,0x00000007021558b0,0x0000000705780000)
 Metaspace       used 29310K, capacity 29814K, committed 30000K, reserved 1077248K
  class space    used 3656K, capacity 3798K, committed 3888K, reserved 1048576K
Event: 13.607 GC heap after
Heap after GC invocations=13 (full 1):
 PSYoungGen      total 106496K, used 3946K [0x0000000780780000, 0x0000000787780000, 0x00000007c0000000)
  eden space 98304K, 0% used [0x0000000780780000,0x0000000780780000,0x0000000786780000)
  from space 8192K, 48% used [0x0000000786f80000,0x000000078735a8b8,0x0000000787780000)
  to   space 8192K, 0% used [0x0000000786780000,0x0000000786780000,0x0000000786f80000)
 ParOldGen       total 67072K, used 12201K [0x0000000701600000, 0x0000000705780000, 0x0000000780780000)
  object space 67072K, 18% used [0x0000000701600000,0x00000007021ea4a0,0x0000000705780000)
 Metaspace       used 29310K, capacity 29814K, committed 30000K, reserved 1077248K
  class space    used 3656K, capacity 3798K, committed 3888K, reserved 1048576K
}
Event: 14.759 GC heap before
{Heap before GC invocations=14 (full 1):
 PSYoungGen      total 106496K, used 102250K [0x0000000780780000, 0x0000000787780000, 0x00000007c0000000)
  eden space 98304K, 100% used [0x0000000780780000,0x0000000786780000,0x0000000786780000)
  from space 8192K, 48% used [0x0000000786f80000,0x000000078735a8b8,0x0000000787780000)
  to   space 8192K, 0% used [0x0000000786780000,0x0000000786780000,0x0000000786f80000)
 ParOldGen       total 67072K, used 12201K [0x0000000701600000, 0x0000000705780000, 0x0000000780780000)
  object space 67072K, 18% used [0x0000000701600000,0x00000007021ea4a0,0x0000000705780000)
 Metaspace       used 31473K, capacity 31974K, committed 32304K, reserved 1079296K
  class space    used 3910K, capacity 4064K, committed 4144K, reserved 1048576K
Event: 14.766 GC heap after
Heap after GC invocations=14 (full 1):
 PSYoungGen      total 106496K, used 3870K [0x0000000780780000, 0x0000000787780000, 0x00000007c0000000)
  eden space 98304K, 0% used [0x0000000780780000,0x0000000780780000,0x0000000786780000)
  from space 8192K, 47% used [0x0000000786780000,0x0000000786b47960,0x0000000786f80000)
  to   space 8192K, 0% used [0x0000000786f80000,0x0000000786f80000,0x0000000787780000)
 ParOldGen       total 67072K, used 13649K [0x0000000701600000, 0x0000000705780000, 0x0000000780780000)
  object space 67072K, 20% used [0x0000000701600000,0x00000007023544c0,0x0000000705780000)
 Metaspace       used 31473K, capacity 31974K, committed 32304K, reserved 1079296K
  class space    used 3910K, capacity 4064K, committed 4144K, reserved 1048576K
}
Event: 16.279 GC heap before
{Heap before GC invocations=15 (full 1):
 PSYoungGen      total 106496K, used 81931K [0x0000000780780000, 0x0000000787780000, 0x00000007c0000000)
  eden space 98304K, 79% used [0x0000000780780000,0x00000007853bb5c8,0x0000000786780000)
  from space 8192K, 47% used [0x0000000786780000,0x0000000786b47960,0x0000000786f80000)
  to   space 8192K, 0% used [0x0000000786f80000,0x0000000786f80000,0x0000000787780000)
 ParOldGen       total 67072K, used 13649K [0x0000000701600000, 0x0000000705780000, 0x0000000780780000)
  object space 67072K, 20% used [0x0000000701600000,0x00000007023544c0,0x0000000705780000)
 Metaspace       used 34836K, capacity 35310K, committed 35496K, reserved 1081344K
  class space    used 4359K, capacity 4490K, committed 4528K, reserved 1048576K
Event: 16.367 GC heap after
Heap after GC invocations=15 (full 1):
 PSYoungGen      total 104448K, used 6254K [0x0000000780780000, 0x000000078a700000, 0x00000007c0000000)
  eden space 96256K, 0% used [0x0000000780780000,0x0000000780780000,0x0000000786580000)
  from space 8192K, 76% used [0x0000000786f80000,0x000000078759bbc8,0x0000000787780000)
  to   space 10240K, 0% used [0x0000000786580000,0x0000000786580000,0x0000000786f80000)
 ParOldGen       total 67072K, used 16287K [0x0000000701600000, 0x0000000705780000, 0x0000000780780000)
  object space 67072K, 24% used [0x0000000701600000,0x00000007025e7d40,0x0000000705780000)
 Metaspace       used 34836K, capacity 35310K, committed 35496K, reserved 1081344K
  class space    used 4359K, capacity 4490K, committed 4528K, reserved 1048576K
}
Event: 16.367 GC heap before
{Heap before GC invocations=16 (full 2):
 PSYoungGen      total 104448K, used 6254K [0x0000000780780000, 0x000000078a700000, 0x00000007c0000000)
  eden space 96256K, 0% used [0x0000000780780000,0x0000000780780000,0x0000000786580000)
  from space 8192K, 76% used [0x0000000786f80000,0x000000078759bbc8,0x0000000787780000)
  to   space 10240K, 0% used [0x0000000786580000,0x0000000786580000,0x0000000786f80000)
 ParOldGen       total 67072K, used 16287K [0x0000000701600000, 0x0000000705780000, 0x0000000780780000)
  object space 67072K, 24% used [0x0000000701600000,0x00000007025e7d40,0x0000000705780000)
 Metaspace       used 34836K, capacity 35310K, committed 35496K, reserved 1081344K
  class space    used 4359K, capacity 4490K, committed 4528K, reserved 1048576K

