# JRE version: Java(TM) SE Runtime Environment (8.0_172-b03) (build 1.8.0_172-ea-b03)
# Java VM: Java HotSpot(TM) 64-Bit Server VM (25.172-b03 mixed mode windows-amd64 compressed oops)
Heap:
 PSYoungGen      total 1007104K, used 121174K [0x0000000780780000, 0x00000007c0000000, 0x00000007c0000000)
  eden space 985088K, 10% used [0x0000000780780000,0x0000000786f11f10,0x00000007bc980000)
  from space 22016K, 68% used [0x00000007be000000,0x00000007beec3a68,0x00000007bf580000)
  to   space 23040K, 0% used [0x00000007bc980000,0x00000007bc980000,0x00000007be000000)
 ParOldGen       total 156160K, used 64596K [0x0000000701600000, 0x000000070ae80000, 0x0000000780780000)
  object space 156160K, 41% used [0x0000000701600000,0x00000007055153a8,0x000000070ae80000)
 Metaspace       used 63486K, capacity 65334K, committed 65448K, reserved 1105920K
  class space    used 7604K, capacity 8041K, committed 8112K, reserved 1048576K
GC Heap History (10 events):
Event: 1504.900 GC heap before
{Heap before GC invocations=23 (full 7):
 PSYoungGen      total 997888K, used 889543K [0x0000000780780000, 0x00000007bf980000, 0x00000007c0000000)
  eden space 986112K, 90% used [0x0000000780780000,0x00000007b6c31ef0,0x00000007bca80000)
  from space 11776K, 0% used [0x00000007bca80000,0x00000007bca80000,0x00000007bd600000)
  to   space 24064K, 0% used [0x00000007be200000,0x00000007be200000,0x00000007bf980000)
 ParOldGen       total 156160K, used 55747K [0x0000000701600000, 0x000000070ae80000, 0x0000000780780000)
  object space 156160K, 35% used [0x0000000701600000,0x0000000704c70f90,0x000000070ae80000)
 Metaspace       used 61625K, capacity 63170K, committed 63272K, reserved 1103872K
  class space    used 7525K, capacity 7887K, committed 7984K, reserved 1048576K
Event: 1504.935 GC heap after
Heap after GC invocations=23 (full 7):
 PSYoungGen      total 1009152K, used 11509K [0x0000000780780000, 0x00000007bf880000, 0x00000007c0000000)
  eden space 986112K, 0% used [0x0000000780780000,0x0000000780780000,0x00000007bca80000)
  from space 23040K, 49% used [0x00000007be200000,0x00000007bed3d440,0x00000007bf880000)
  to   space 23552K, 0% used [0x00000007bca80000,0x00000007bca80000,0x00000007be180000)
 ParOldGen       total 156160K, used 55755K [0x0000000701600000, 0x000000070ae80000, 0x0000000780780000)
  object space 156160K, 35% used [0x0000000701600000,0x0000000704c72f90,0x000000070ae80000)
 Metaspace       used 61625K, capacity 63170K, committed 63272K, reserved 1103872K
  class space    used 7525K, capacity 7887K, committed 7984K, reserved 1048576K
}
Event: 1504.935 GC heap before
{Heap before GC invocations=24 (full 8):
 PSYoungGen      total 1009152K, used 11509K [0x0000000780780000, 0x00000007bf880000, 0x00000007c0000000)
  eden space 986112K, 0% used [0x0000000780780000,0x0000000780780000,0x00000007bca80000)
  from space 23040K, 49% used [0x00000007be200000,0x00000007bed3d440,0x00000007bf880000)
  to   space 23552K, 0% used [0x00000007bca80000,0x00000007bca80000,0x00000007be180000)
 ParOldGen       total 156160K, used 55755K [0x0000000701600000, 0x000000070ae80000, 0x0000000780780000)
  object space 156160K, 35% used [0x0000000701600000,0x0000000704c72f90,0x000000070ae80000)
 Metaspace       used 61625K, capacity 63170K, committed 63272K, reserved 1103872K
  class space    used 7525K, capacity 7887K, committed 7984K, reserved 1048576K
Event: 1505.301 GC heap after
Heap after GC invocations=24 (full 8):
 PSYoungGen      total 1009152K, used 0K [0x0000000780780000, 0x00000007bf880000, 0x00000007c0000000)
  eden space 986112K, 0% used [0x0000000780780000,0x0000000780780000,0x00000007bca80000)
  from space 23040K, 0% used [0x00000007be200000,0x00000007be200000,0x00000007bf880000)
  to   space 23552K, 0% used [0x00000007bca80000,0x00000007bca80000,0x00000007be180000)
 ParOldGen       total 156160K, used 60454K [0x0000000701600000, 0x000000070ae80000, 0x0000000780780000)
  object space 156160K, 38% used [0x0000000701600000,0x0000000705109b58,0x000000070ae80000)
 Metaspace       used 61621K, capacity 63164K, committed 63272K, reserved 1103872K
  class space    used 7525K, capacity 7886K, committed 7984K, reserved 1048576K
}
Event: 1519.636 GC heap before
{Heap before GC invocations=25 (full 8):
 PSYoungGen      total 1009152K, used 867104K [0x0000000780780000, 0x00000007bf880000, 0x00000007c0000000)
  eden space 986112K, 87% used [0x0000000780780000,0x00000007b56482d8,0x00000007bca80000)
  from space 23040K, 0% used [0x00000007be200000,0x00000007be200000,0x00000007bf880000)
  to   space 23552K, 0% used [0x00000007bca80000,0x00000007bca80000,0x00000007be180000)
 ParOldGen       total 156160K, used 60454K [0x0000000701600000, 0x000000070ae80000, 0x0000000780780000)
  object space 156160K, 38% used [0x0000000701600000,0x0000000705109b58,0x000000070ae80000)
 Metaspace       used 62190K, capacity 63976K, committed 64168K, reserved 1105920K
  class space    used 7577K, capacity 7988K, committed 8112K, reserved 1048576K
Event: 1519.689 GC heap after
Heap after GC invocations=25 (full 8):
 PSYoungGen      total 997376K, used 10951K [0x0000000780780000, 0x00000007bf580000, 0x00000007c0000000)
  eden space 986112K, 0% used [0x0000000780780000,0x0000000780780000,0x00000007bca80000)
  from space 11264K, 97% used [0x00000007bca80000,0x00000007bd531c58,0x00000007bd580000)
  to   space 22016K, 0% used [0x00000007be000000,0x00000007be000000,0x00000007bf580000)
 ParOldGen       total 156160K, used 60462K [0x0000000701600000, 0x000000070ae80000, 0x0000000780780000)
  object space 156160K, 38% used [0x0000000701600000,0x000000070510bb58,0x000000070ae80000)
 Metaspace       used 62190K, capacity 63976K, committed 64168K, reserved 1105920K
  class space    used 7577K, capacity 7988K, committed 8112K, reserved 1048576K
}
Event: 1519.689 GC heap before
{Heap before GC invocations=26 (full 9):
 PSYoungGen      total 997376K, used 10951K [0x0000000780780000, 0x00000007bf580000, 0x00000007c0000000)
  eden space 986112K, 0% used [0x0000000780780000,0x0000000780780000,0x00000007bca80000)
  from space 11264K, 97% used [0x00000007bca80000,0x00000007bd531c58,0x00000007bd580000)
  to   space 22016K, 0% used [0x00000007be000000,0x00000007be000000,0x00000007bf580000)
 ParOldGen       total 156160K, used 60462K [0x0000000701600000, 0x000000070ae80000, 0x0000000780780000)
  object space 156160K, 38% used [0x0000000701600000,0x000000070510bb58,0x000000070ae80000)
 Metaspace       used 62190K, capacity 63976K, committed 64168K, reserved 1105920K
  class space    used 7577K, capacity 7988K, committed 8112K, reserved 1048576K
Event: 1520.316 GC heap after
Heap after GC invocations=26 (full 9):
 PSYoungGen      total 997376K, used 0K [0x0000000780780000, 0x00000007bf580000, 0x00000007c0000000)
  eden space 986112K, 0% used [0x0000000780780000,0x0000000780780000,0x00000007bca80000)
  from space 11264K, 0% used [0x00000007bca80000,0x00000007bca80000,0x00000007bd580000)
  to   space 22016K, 0% used [0x00000007be000000,0x00000007be000000,0x00000007bf580000)
 ParOldGen       total 156160K, used 64588K [0x0000000701600000, 0x000000070ae80000, 0x0000000780780000)
  object space 156160K, 41% used [0x0000000701600000,0x00000007055133a8,0x000000070ae80000)
 Metaspace       used 62186K, capacity 63970K, committed 64168K, reserved 1105920K
  class space    used 7577K, capacity 7987K, committed 8112K, reserved 1048576K
}
Event: 2036.944 GC heap before
{Heap before GC invocations=27 (full 9):
 PSYoungGen      total 997376K, used 986112K [0x0000000780780000, 0x00000007bf580000, 0x00000007c0000000)
  eden space 986112K, 100% used [0x0000000780780000,0x00000007bca80000,0x00000007bca80000)
  from space 11264K, 0% used [0x00000007bca80000,0x00000007bca80000,0x00000007bd580000)
  to   space 22016K, 0% used [0x00000007be000000,0x00000007be000000,0x00000007bf580000)
 ParOldGen       total 156160K, used 64588K [0x0000000701600000, 0x000000070ae80000, 0x0000000780780000)
  object space 156160K, 41% used [0x0000000701600000,0x00000007055133a8,0x000000070ae80000)
 Metaspace       used 62954K, capacity 64814K, committed 64936K, reserved 1105920K
  class space    used 7604K, capacity 8041K, committed 8112K, reserved 1048576K
Event: 2036.987 GC heap after
Heap after GC invocations=27 (full 9):
 PSYoungGen      total 1007104K, used 15118K [0x0000000780780000, 0x00000007c0000000, 0x00000007c0000000)
  eden space 985088K, 0% used [0x0000000780780000,0x0000000780780000,0x00000007bc980000)
  from space 22016K, 68% used [0x00000007be000000,0x00000007beec3a68,0x00000007bf580000)
  to   space 23040K, 0% used [0x00000007bc980000,0x00000007bc980000,0x00000007be000000)
 ParOldGen       total 156160K, used 64596K [0x0000000701600000, 0x000000070ae80000, 0x0000000780780000)
  object space 156160K, 41% used [0x0000000701600000,0x00000007055153a8,0x000000070ae80000)
 Metaspace       used 62954K, capacity 64814K, committed 64936K, reserved 1105920K
  class space    used 7604K, capacity 8041K, committed 8112K, reserved 1048576K
}

