# JRE version: Java(TM) SE Runtime Environment (8.0_172-b03) (build 1.8.0_172-ea-b03)
# Java VM: Java HotSpot(TM) 64-Bit Server VM (25.172-b03 mixed mode windows-amd64 compressed oops)
Heap:
 PSYoungGen      total 623616K, used 364850K [0x0000000780780000, 0x00000007ae200000, 0x00000007c0000000)
  eden space 608256K, 57% used [0x0000000780780000,0x0000000795ccfe98,0x00000007a5980000)
  from space 15360K, 99% used [0x00000007a5980000,0x00000007a687cb08,0x00000007a6880000)
  to   space 10752K, 0% used [0x00000007a6880000,0x00000007a6880000,0x00000007a7300000)
 ParOldGen       total 98304K, used 31308K [0x0000000701600000, 0x0000000707600000, 0x0000000780780000)
  object space 98304K, 31% used [0x0000000701600000,0x00000007034932b0,0x0000000707600000)
 Metaspace       used 55267K, capacity 56104K, committed 56360K, reserved 1097728K
  class space    used 6917K, capacity 7126K, committed 7216K, reserved 1048576K
GC Heap History (10 events):
Event: 30.024 GC heap before
{Heap before GC invocations=7 (full 1):
 PSYoungGen      total 204800K, used 196608K [0x0000000780780000, 0x0000000799c80000, 0x00000007c0000000)
  eden space 196608K, 100% used [0x0000000780780000,0x000000078c780000,0x000000078c780000)
  from space 8192K, 0% used [0x000000078c780000,0x000000078c780000,0x000000078cf80000)
  to   space 10752K, 0% used [0x0000000799200000,0x0000000799200000,0x0000000799c80000)
 ParOldGen       total 67584K, used 6482K [0x0000000701600000, 0x0000000705800000, 0x0000000780780000)
  object space 67584K, 9% used [0x0000000701600000,0x0000000701c54870,0x0000000705800000)
 Metaspace       used 24874K, capacity 25246K, committed 25520K, reserved 1071104K
  class space    used 3053K, capacity 3170K, committed 3248K, reserved 1048576K
Event: 30.105 GC heap after
Heap after GC invocations=7 (full 1):
 PSYoungGen      total 347648K, used 7515K [0x0000000780780000, 0x0000000799980000, 0x00000007c0000000)
  eden space 339968K, 0% used [0x0000000780780000,0x0000000780780000,0x0000000795380000)
  from space 7680K, 97% used [0x0000000799200000,0x0000000799956e88,0x0000000799980000)
  to   space 10240K, 0% used [0x0000000798580000,0x0000000798580000,0x0000000798f80000)
 ParOldGen       total 67584K, used 6490K [0x0000000701600000, 0x0000000705800000, 0x0000000780780000)
  object space 67584K, 9% used [0x0000000701600000,0x0000000701c56870,0x0000000705800000)
 Metaspace       used 24874K, capacity 25246K, committed 25520K, reserved 1071104K
  class space    used 3053K, capacity 3170K, committed 3248K, reserved 1048576K
}
Event: 34.314 GC heap before
{Heap before GC invocations=8 (full 1):
 PSYoungGen      total 347648K, used 347483K [0x0000000780780000, 0x0000000799980000, 0x00000007c0000000)
  eden space 339968K, 100% used [0x0000000780780000,0x0000000795380000,0x0000000795380000)
  from space 7680K, 97% used [0x0000000799200000,0x0000000799956e88,0x0000000799980000)
  to   space 10240K, 0% used [0x0000000798580000,0x0000000798580000,0x0000000798f80000)
 ParOldGen       total 67584K, used 6490K [0x0000000701600000, 0x0000000705800000, 0x0000000780780000)
  object space 67584K, 9% used [0x0000000701600000,0x0000000701c56870,0x0000000705800000)
 Metaspace       used 26722K, capacity 27078K, committed 27312K, reserved 1073152K
  class space    used 3291K, capacity 3406K, committed 3504K, reserved 1048576K
Event: 34.898 GC heap after
Heap after GC invocations=8 (full 1):
 PSYoungGen      total 401408K, used 8720K [0x0000000780780000, 0x00000007a7300000, 0x00000007c0000000)
  eden space 391168K, 0% used [0x0000000780780000,0x0000000780780000,0x0000000798580000)
  from space 10240K, 85% used [0x0000000798580000,0x0000000798e04198,0x0000000798f80000)
  to   space 10752K, 0% used [0x00000007a6880000,0x00000007a6880000,0x00000007a7300000)
 ParOldGen       total 67584K, used 6490K [0x0000000701600000, 0x0000000705800000, 0x0000000780780000)
  object space 67584K, 9% used [0x0000000701600000,0x0000000701c56870,0x0000000705800000)
 Metaspace       used 26722K, capacity 27078K, committed 27312K, reserved 1073152K
  class space    used 3291K, capacity 3406K, committed 3504K, reserved 1048576K
}
Event: 43.533 GC heap before
{Heap before GC invocations=9 (full 1):
 PSYoungGen      total 401408K, used 343013K [0x0000000780780000, 0x00000007a7300000, 0x00000007c0000000)
  eden space 391168K, 85% used [0x0000000780780000,0x0000000794df55a8,0x0000000798580000)
  from space 10240K, 85% used [0x0000000798580000,0x0000000798e04198,0x0000000798f80000)
  to   space 10752K, 0% used [0x00000007a6880000,0x00000007a6880000,0x00000007a7300000)
 ParOldGen       total 67584K, used 6490K [0x0000000701600000, 0x0000000705800000, 0x0000000780780000)
  object space 67584K, 9% used [0x0000000701600000,0x0000000701c56870,0x0000000705800000)
 Metaspace       used 34762K, capacity 35240K, committed 35496K, reserved 1081344K
  class space    used 4345K, capacity 4489K, committed 4528K, reserved 1048576K
Event: 44.676 GC heap after
Heap after GC invocations=9 (full 1):
 PSYoungGen      total 619008K, used 10731K [0x0000000780780000, 0x00000007ae200000, 0x00000007c0000000)
  eden space 608256K, 0% used [0x0000000780780000,0x0000000780780000,0x00000007a5980000)
  from space 10752K, 99% used [0x00000007a6880000,0x00000007a72fad60,0x00000007a7300000)
  to   space 15360K, 0% used [0x00000007a5980000,0x00000007a5980000,0x00000007a6880000)
 ParOldGen       total 67584K, used 14765K [0x0000000701600000, 0x0000000705800000, 0x0000000780780000)
  object space 67584K, 21% used [0x0000000701600000,0x000000070246b7d0,0x0000000705800000)
 Metaspace       used 34762K, capacity 35240K, committed 35496K, reserved 1081344K
  class space    used 4345K, capacity 4489K, committed 4528K, reserved 1048576K
}
Event: 44.676 GC heap before
{Heap before GC invocations=10 (full 2):
 PSYoungGen      total 619008K, used 10731K [0x0000000780780000, 0x00000007ae200000, 0x00000007c0000000)
  eden space 608256K, 0% used [0x0000000780780000,0x0000000780780000,0x00000007a5980000)
  from space 10752K, 99% used [0x00000007a6880000,0x00000007a72fad60,0x00000007a7300000)
  to   space 15360K, 0% used [0x00000007a5980000,0x00000007a5980000,0x00000007a6880000)
 ParOldGen       total 67584K, used 14765K [0x0000000701600000, 0x0000000705800000, 0x0000000780780000)
  object space 67584K, 21% used [0x0000000701600000,0x000000070246b7d0,0x0000000705800000)
 Metaspace       used 34762K, capacity 35240K, committed 35496K, reserved 1081344K
  class space    used 4345K, capacity 4489K, committed 4528K, reserved 1048576K
Event: 45.090 GC heap after
Heap after GC invocations=10 (full 2):
 PSYoungGen      total 619008K, used 0K [0x0000000780780000, 0x00000007ae200000, 0x00000007c0000000)
  eden space 608256K, 0% used [0x0000000780780000,0x0000000780780000,0x00000007a5980000)
  from space 10752K, 0% used [0x00000007a6880000,0x00000007a6880000,0x00000007a7300000)
  to   space 15360K, 0% used [0x00000007a5980000,0x00000007a5980000,0x00000007a6880000)
 ParOldGen       total 98304K, used 24050K [0x0000000701600000, 0x0000000707600000, 0x0000000780780000)
  object space 98304K, 24% used [0x0000000701600000,0x0000000702d7ca00,0x0000000707600000)
 Metaspace       used 34762K, capacity 35240K, committed 35496K, reserved 1081344K
  class space    used 4345K, capacity 4489K, committed 4528K, reserved 1048576K
}
Event: 63.864 GC heap before
{Heap before GC invocations=11 (full 2):
 PSYoungGen      total 619008K, used 608256K [0x0000000780780000, 0x00000007ae200000, 0x00000007c0000000)
  eden space 608256K, 100% used [0x0000000780780000,0x00000007a5980000,0x00000007a5980000)
  from space 10752K, 0% used [0x00000007a6880000,0x00000007a6880000,0x00000007a7300000)
  to   space 15360K, 0% used [0x00000007a5980000,0x00000007a5980000,0x00000007a6880000)
 ParOldGen       total 98304K, used 24050K [0x0000000701600000, 0x0000000707600000, 0x0000000780780000)
  object space 98304K, 24% used [0x0000000701600000,0x0000000702d7ca00,0x0000000707600000)
 Metaspace       used 46616K, capacity 47290K, committed 47656K, reserved 1091584K
  class space    used 5709K, capacity 5858K, committed 5936K, reserved 1048576K
Event: 64.345 GC heap after
Heap after GC invocations=11 (full 2):
 PSYoungGen      total 623616K, used 15346K [0x0000000780780000, 0x00000007ae200000, 0x00000007c0000000)
  eden space 608256K, 0% used [0x0000000780780000,0x0000000780780000,0x00000007a5980000)
  from space 15360K, 99% used [0x00000007a5980000,0x00000007a687cb08,0x00000007a6880000)
  to   space 10752K, 0% used [0x00000007a6880000,0x00000007a6880000,0x00000007a7300000)
 ParOldGen       total 98304K, used 31308K [0x0000000701600000, 0x0000000707600000, 0x0000000780780000)
  object space 98304K, 31% used [0x0000000701600000,0x00000007034932b0,0x0000000707600000)
 Metaspace       used 46616K, capacity 47290K, committed 47656K, reserved 1091584K
  class space    used 5709K, capacity 5858K, committed 5936K, reserved 1048576K
}

