# JRE version: Java(TM) SE Runtime Environment (8.0_172-b03) (build 1.8.0_172-ea-b03)
# Java VM: Java HotSpot(TM) 64-Bit Server VM (25.172-b03 mixed mode windows-amd64 compressed oops)
Heap:
 PSYoungGen      total 686592K, used 14445K [0x0000000780780000, 0x00000007ba700000, 0x00000007c0000000)
  eden space 662016K, 2% used [0x0000000780780000,0x000000078159b628,0x00000007a8e00000)
  from space 24576K, 0% used [0x00000007a8e00000,0x00000007a8e00000,0x00000007aa600000)
  to   space 25088K, 0% used [0x00000007b8e80000,0x00000007b8e80000,0x00000007ba700000)
 ParOldGen       total 105984K, used 40012K [0x0000000701600000, 0x0000000707d80000, 0x0000000780780000)
  object space 105984K, 37% used [0x0000000701600000,0x0000000703d13318,0x0000000707d80000)
 Metaspace       used 58401K, capacity 59258K, committed 59416K, reserved 1101824K
  class space    used 7312K, capacity 7555K, committed 7592K, reserved 1048576K
GC Heap History (10 events):
Event: 13.900 GC heap before
{Heap before GC invocations=12 (full 2):
 PSYoungGen      total 484352K, used 11247K [0x0000000780780000, 0x000000079f600000, 0x00000007c0000000)
  eden space 473088K, 0% used [0x0000000780780000,0x0000000780780000,0x000000079d580000)
  from space 11264K, 99% used [0x000000079e380000,0x000000079ee7bf70,0x000000079ee80000)
  to   space 14336K, 0% used [0x000000079d580000,0x000000079d580000,0x000000079e380000)
 ParOldGen       total 68096K, used 14078K [0x0000000701600000, 0x0000000705880000, 0x0000000780780000)
  object space 68096K, 20% used [0x0000000701600000,0x00000007023bfac8,0x0000000705880000)
 Metaspace       used 34830K, capacity 35310K, committed 35496K, reserved 1081344K
  class space    used 4363K, capacity 4490K, committed 4520K, reserved 1048576K
Event: 14.030 GC heap after
Heap after GC invocations=12 (full 2):
 PSYoungGen      total 484352K, used 0K [0x0000000780780000, 0x000000079f600000, 0x00000007c0000000)
  eden space 473088K, 0% used [0x0000000780780000,0x0000000780780000,0x000000079d580000)
  from space 11264K, 0% used [0x000000079e380000,0x000000079e380000,0x000000079ee80000)
  to   space 14336K, 0% used [0x000000079d580000,0x000000079d580000,0x000000079e380000)
 ParOldGen       total 105984K, used 21593K [0x0000000701600000, 0x0000000707d80000, 0x0000000780780000)
  object space 105984K, 20% used [0x0000000701600000,0x0000000702b166f8,0x0000000707d80000)
 Metaspace       used 34830K, capacity 35310K, committed 35496K, reserved 1081344K
  class space    used 4363K, capacity 4490K, committed 4520K, reserved 1048576K
}
Event: 18.895 GC heap before
{Heap before GC invocations=13 (full 2):
 PSYoungGen      total 484352K, used 473088K [0x0000000780780000, 0x000000079f600000, 0x00000007c0000000)
  eden space 473088K, 100% used [0x0000000780780000,0x000000079d580000,0x000000079d580000)
  from space 11264K, 0% used [0x000000079e380000,0x000000079e380000,0x000000079ee80000)
  to   space 14336K, 0% used [0x000000079d580000,0x000000079d580000,0x000000079e380000)
 ParOldGen       total 105984K, used 21593K [0x0000000701600000, 0x0000000707d80000, 0x0000000780780000)
  object space 105984K, 20% used [0x0000000701600000,0x0000000702b166f8,0x0000000707d80000)
 Metaspace       used 45365K, capacity 46116K, committed 46504K, reserved 1089536K
  class space    used 5570K, capacity 5727K, committed 5800K, reserved 1048576K
Event: 19.117 GC heap after
Heap after GC invocations=13 (full 2):
 PSYoungGen      total 487424K, used 14315K [0x0000000780780000, 0x00000007abc80000, 0x00000007c0000000)
  eden space 473088K, 0% used [0x0000000780780000,0x0000000780780000,0x000000079d580000)
  from space 14336K, 99% used [0x000000079d580000,0x000000079e37ac10,0x000000079e380000)
  to   space 17408K, 0% used [0x00000007aab80000,0x00000007aab80000,0x00000007abc80000)
 ParOldGen       total 105984K, used 25905K [0x0000000701600000, 0x0000000707d80000, 0x0000000780780000)
  object space 105984K, 24% used [0x0000000701600000,0x0000000702f4c700,0x0000000707d80000)
 Metaspace       used 45365K, capacity 46116K, committed 46504K, reserved 1089536K
  class space    used 5570K, capacity 5727K, committed 5800K, reserved 1048576K
}
Event: 24.608 GC heap before
{Heap before GC invocations=14 (full 2):
 PSYoungGen      total 487424K, used 487403K [0x0000000780780000, 0x00000007abc80000, 0x00000007c0000000)
  eden space 473088K, 100% used [0x0000000780780000,0x000000079d580000,0x000000079d580000)
  from space 14336K, 99% used [0x000000079d580000,0x000000079e37ac10,0x000000079e380000)
  to   space 17408K, 0% used [0x00000007aab80000,0x00000007aab80000,0x00000007abc80000)
 ParOldGen       total 105984K, used 25905K [0x0000000701600000, 0x0000000707d80000, 0x0000000780780000)
  object space 105984K, 24% used [0x0000000701600000,0x0000000702f4c700,0x0000000707d80000)
 Metaspace       used 55460K, capacity 56284K, committed 56360K, reserved 1097728K
  class space    used 6968K, capacity 7188K, committed 7208K, reserved 1048576K
Event: 24.650 GC heap after
Heap after GC invocations=14 (full 2):
 PSYoungGen      total 679424K, used 17396K [0x0000000780780000, 0x00000007abe00000, 0x00000007c0000000)
  eden space 662016K, 0% used [0x0000000780780000,0x0000000780780000,0x00000007a8e00000)
  from space 17408K, 99% used [0x00000007aab80000,0x00000007abc7d250,0x00000007abc80000)
  to   space 24576K, 0% used [0x00000007a8e00000,0x00000007a8e00000,0x00000007aa600000)
 ParOldGen       total 105984K, used 39780K [0x0000000701600000, 0x0000000707d80000, 0x0000000780780000)
  object space 105984K, 37% used [0x0000000701600000,0x0000000703cd91c0,0x0000000707d80000)
 Metaspace       used 55460K, capacity 56284K, committed 56360K, reserved 1097728K
  class space    used 6968K, capacity 7188K, committed 7208K, reserved 1048576K
}
Event: 2445.605 GC heap before
{Heap before GC invocations=15 (full 2):
 PSYoungGen      total 679424K, used 324149K [0x0000000780780000, 0x00000007abe00000, 0x00000007c0000000)
  eden space 662016K, 46% used [0x0000000780780000,0x0000000793310298,0x00000007a8e00000)
  from space 17408K, 99% used [0x00000007aab80000,0x00000007abc7d250,0x00000007abc80000)
  to   space 24576K, 0% used [0x00000007a8e00000,0x00000007a8e00000,0x00000007aa600000)
 ParOldGen       total 105984K, used 39780K [0x0000000701600000, 0x0000000707d80000, 0x0000000780780000)
  object space 105984K, 37% used [0x0000000701600000,0x0000000703cd91c0,0x0000000707d80000)
 Metaspace       used 58118K, capacity 58944K, committed 59160K, reserved 1101824K
  class space    used 7266K, capacity 7492K, committed 7592K, reserved 1048576K
Event: 2445.674 GC heap after
Heap after GC invocations=15 (full 2):
 PSYoungGen      total 686592K, used 3260K [0x0000000780780000, 0x00000007ba700000, 0x00000007c0000000)
  eden space 662016K, 0% used [0x0000000780780000,0x0000000780780000,0x00000007a8e00000)
  from space 24576K, 13% used [0x00000007a8e00000,0x00000007a912f0e8,0x00000007aa600000)
  to   space 25088K, 0% used [0x00000007b8e80000,0x00000007b8e80000,0x00000007ba700000)
 ParOldGen       total 105984K, used 50036K [0x0000000701600000, 0x0000000707d80000, 0x0000000780780000)
  object space 105984K, 47% used [0x0000000701600000,0x00000007046dd348,0x0000000707d80000)
 Metaspace       used 58118K, capacity 58944K, committed 59160K, reserved 1101824K
  class space    used 7266K, capacity 7492K, committed 7592K, reserved 1048576K
}
Event: 2445.674 GC heap before
{Heap before GC invocations=16 (full 3):
 PSYoungGen      total 686592K, used 3260K [0x0000000780780000, 0x00000007ba700000, 0x00000007c0000000)
  eden space 662016K, 0% used [0x0000000780780000,0x0000000780780000,0x00000007a8e00000)
  from space 24576K, 13% used [0x00000007a8e00000,0x00000007a912f0e8,0x00000007aa600000)
  to   space 25088K, 0% used [0x00000007b8e80000,0x00000007b8e80000,0x00000007ba700000)
 ParOldGen       total 105984K, used 50036K [0x0000000701600000, 0x0000000707d80000, 0x0000000780780000)
  object space 105984K, 47% used [0x0000000701600000,0x00000007046dd348,0x0000000707d80000)
 Metaspace       used 58118K, capacity 58944K, committed 59160K, reserved 1101824K
  class space    used 7266K, capacity 7492K, committed 7592K, reserved 1048576K
Event: 2446.020 GC heap after
Heap after GC invocations=16 (full 3):
 PSYoungGen      total 686592K, used 0K [0x0000000780780000, 0x00000007ba700000, 0x00000007c0000000)
  eden space 662016K, 0% used [0x0000000780780000,0x0000000780780000,0x00000007a8e00000)
  from space 24576K, 0% used [0x00000007a8e00000,0x00000007a8e00000,0x00000007aa600000)
  to   space 25088K, 0% used [0x00000007b8e80000,0x00000007b8e80000,0x00000007ba700000)
 ParOldGen       total 105984K, used 40012K [0x0000000701600000, 0x0000000707d80000, 0x0000000780780000)
  object space 105984K, 37% used [0x0000000701600000,0x0000000703d13318,0x0000000707d80000)
 Metaspace       used 58114K, capacity 58938K, committed 59160K, reserved 1101824K
  class space    used 7265K, capacity 7491K, committed 7592K, reserved 1048576K
}

