# JRE version: Java(TM) SE Runtime Environment (8.0_172-b03) (build 1.8.0_172-ea-b03)
# Java VM: Java HotSpot(TM) 64-Bit Server VM (25.172-b03 mixed mode windows-amd64 compressed oops)
Heap:
 PSYoungGen      total 197632K, used 82017K [0x0000000780780000, 0x0000000794780000, 0x00000007c0000000)
  eden space 192000K, 39% used [0x0000000780780000,0x000000078521b7c0,0x000000078c300000)
  from space 5632K, 99% used [0x000000078d000000,0x000000078d57d030,0x000000078d580000)
  to   space 13312K, 0% used [0x000000078c300000,0x000000078c300000,0x000000078d000000)
 ParOldGen       total 65536K, used 18093K [0x0000000701600000, 0x0000000705600000, 0x0000000780780000)
  object space 65536K, 27% used [0x0000000701600000,0x00000007027ab508,0x0000000705600000)
 Metaspace       used 33716K, capacity 34164K, committed 34480K, reserved 1079296K
  class space    used 4110K, capacity 4220K, committed 4272K, reserved 1048576K
GC Heap History (10 events):
Event: 17.836 GC heap before
{Heap before GC invocations=5 (full 0):
 PSYoungGen      total 106496K, used 30338K [0x0000000780780000, 0x0000000787780000, 0x00000007c0000000)
  eden space 98304K, 23% used [0x0000000780780000,0x0000000781de1c80,0x0000000786780000)
  from space 8192K, 90% used [0x0000000786f80000,0x00000007876bec98,0x0000000787780000)
  to   space 8192K, 0% used [0x0000000786780000,0x0000000786780000,0x0000000786f80000)
 ParOldGen       total 131072K, used 96K [0x0000000701600000, 0x0000000709600000, 0x0000000780780000)
  object space 131072K, 0% used [0x0000000701600000,0x0000000701618010,0x0000000709600000)
 Metaspace       used 20920K, capacity 21202K, committed 21296K, reserved 1069056K
  class space    used 2489K, capacity 2567K, committed 2608K, reserved 1048576K
Event: 18.674 GC heap after
Heap after GC invocations=5 (full 0):
 PSYoungGen      total 106496K, used 6387K [0x0000000780780000, 0x000000078d880000, 0x00000007c0000000)
  eden space 98304K, 0% used [0x0000000780780000,0x0000000780780000,0x0000000786780000)
  from space 8192K, 77% used [0x0000000786780000,0x0000000786dbcd30,0x0000000786f80000)
  to   space 8704K, 0% used [0x000000078d000000,0x000000078d000000,0x000000078d880000)
 ParOldGen       total 131072K, used 104K [0x0000000701600000, 0x0000000709600000, 0x0000000780780000)
  object space 131072K, 0% used [0x0000000701600000,0x000000070161a010,0x0000000709600000)
 Metaspace       used 20920K, capacity 21202K, committed 21296K, reserved 1069056K
  class space    used 2489K, capacity 2567K, committed 2608K, reserved 1048576K
}
Event: 18.674 GC heap before
{Heap before GC invocations=6 (full 1):
 PSYoungGen      total 106496K, used 6387K [0x0000000780780000, 0x000000078d880000, 0x00000007c0000000)
  eden space 98304K, 0% used [0x0000000780780000,0x0000000780780000,0x0000000786780000)
  from space 8192K, 77% used [0x0000000786780000,0x0000000786dbcd30,0x0000000786f80000)
  to   space 8704K, 0% used [0x000000078d000000,0x000000078d000000,0x000000078d880000)
 ParOldGen       total 131072K, used 104K [0x0000000701600000, 0x0000000709600000, 0x0000000780780000)
  object space 131072K, 0% used [0x0000000701600000,0x000000070161a010,0x0000000709600000)
 Metaspace       used 20920K, capacity 21202K, committed 21296K, reserved 1069056K
  class space    used 2489K, capacity 2567K, committed 2608K, reserved 1048576K
Event: 19.461 GC heap after
Heap after GC invocations=6 (full 1):
 PSYoungGen      total 106496K, used 0K [0x0000000780780000, 0x000000078d880000, 0x00000007c0000000)
  eden space 98304K, 0% used [0x0000000780780000,0x0000000780780000,0x0000000786780000)
  from space 8192K, 0% used [0x0000000786780000,0x0000000786780000,0x0000000786f80000)
  to   space 8704K, 0% used [0x000000078d000000,0x000000078d000000,0x000000078d880000)
 ParOldGen       total 65536K, used 6369K [0x0000000701600000, 0x0000000705600000, 0x0000000780780000)
  object space 65536K, 9% used [0x0000000701600000,0x0000000701c38468,0x0000000705600000)
 Metaspace       used 20920K, capacity 21202K, committed 21296K, reserved 1069056K
  class space    used 2489K, capacity 2567K, committed 2608K, reserved 1048576K
}
Event: 31.108 GC heap before
{Heap before GC invocations=7 (full 1):
 PSYoungGen      total 106496K, used 98304K [0x0000000780780000, 0x000000078d880000, 0x00000007c0000000)
  eden space 98304K, 100% used [0x0000000780780000,0x0000000786780000,0x0000000786780000)
  from space 8192K, 0% used [0x0000000786780000,0x0000000786780000,0x0000000786f80000)
  to   space 8704K, 0% used [0x000000078d000000,0x000000078d000000,0x000000078d880000)
 ParOldGen       total 65536K, used 6369K [0x0000000701600000, 0x0000000705600000, 0x0000000780780000)
  object space 65536K, 9% used [0x0000000701600000,0x0000000701c38468,0x0000000705600000)
 Metaspace       used 24586K, capacity 24886K, committed 25264K, reserved 1071104K
  class space    used 3017K, capacity 3125K, committed 3248K, reserved 1048576K
Event: 31.470 GC heap after
Heap after GC invocations=7 (full 1):
 PSYoungGen      total 179712K, used 5515K [0x0000000780780000, 0x000000078d580000, 0x00000007c0000000)
  eden space 174080K, 0% used [0x0000000780780000,0x0000000780780000,0x000000078b180000)
  from space 5632K, 97% used [0x000000078d000000,0x000000078d562d98,0x000000078d580000)
  to   space 8704K, 0% used [0x000000078c480000,0x000000078c480000,0x000000078cd00000)
 ParOldGen       total 65536K, used 6369K [0x0000000701600000, 0x0000000705600000, 0x0000000780780000)
  object space 65536K, 9% used [0x0000000701600000,0x0000000701c38468,0x0000000705600000)
 Metaspace       used 24586K, capacity 24886K, committed 25264K, reserved 1071104K
  class space    used 3017K, capacity 3125K, committed 3248K, reserved 1048576K
}
Event: 33.872 GC heap before
{Heap before GC invocations=8 (full 1):
 PSYoungGen      total 179712K, used 179595K [0x0000000780780000, 0x000000078d580000, 0x00000007c0000000)
  eden space 174080K, 100% used [0x0000000780780000,0x000000078b180000,0x000000078b180000)
  from space 5632K, 97% used [0x000000078d000000,0x000000078d562d98,0x000000078d580000)
  to   space 8704K, 0% used [0x000000078c480000,0x000000078c480000,0x000000078cd00000)
 ParOldGen       total 65536K, used 6369K [0x0000000701600000, 0x0000000705600000, 0x0000000780780000)
  object space 65536K, 9% used [0x0000000701600000,0x0000000701c38468,0x0000000705600000)
 Metaspace       used 26029K, capacity 26354K, committed 26672K, reserved 1073152K
  class space    used 3170K, capacity 3263K, committed 3376K, reserved 1048576K
Event: 34.348 GC heap after
Heap after GC invocations=8 (full 1):
 PSYoungGen      total 182784K, used 5885K [0x0000000780780000, 0x000000078d580000, 0x00000007c0000000)
  eden space 174080K, 0% used [0x0000000780780000,0x0000000780780000,0x000000078b180000)
  from space 8704K, 67% used [0x000000078c480000,0x000000078ca3f600,0x000000078cd00000)
  to   space 5632K, 0% used [0x000000078d000000,0x000000078d000000,0x000000078d580000)
 ParOldGen       total 65536K, used 6377K [0x0000000701600000, 0x0000000705600000, 0x0000000780780000)
  object space 65536K, 9% used [0x0000000701600000,0x0000000701c3a468,0x0000000705600000)
 Metaspace       used 26029K, capacity 26354K, committed 26672K, reserved 1073152K
  class space    used 3170K, capacity 3263K, committed 3376K, reserved 1048576K
}
Event: 47.509 GC heap before
{Heap before GC invocations=9 (full 1):
 PSYoungGen      total 182784K, used 179965K [0x0000000780780000, 0x000000078d580000, 0x00000007c0000000)
  eden space 174080K, 100% used [0x0000000780780000,0x000000078b180000,0x000000078b180000)
  from space 8704K, 67% used [0x000000078c480000,0x000000078ca3f600,0x000000078cd00000)
  to   space 5632K, 0% used [0x000000078d000000,0x000000078d000000,0x000000078d580000)
 ParOldGen       total 65536K, used 6377K [0x0000000701600000, 0x0000000705600000, 0x0000000780780000)
  object space 65536K, 9% used [0x0000000701600000,0x0000000701c3a468,0x0000000705600000)
 Metaspace       used 32507K, capacity 32994K, committed 33328K, reserved 1079296K
  class space    used 3955K, capacity 4088K, committed 4144K, reserved 1048576K
Event: 47.557 GC heap after
Heap after GC invocations=9 (full 1):
 PSYoungGen      total 197632K, used 5620K [0x0000000780780000, 0x0000000794780000, 0x00000007c0000000)
  eden space 192000K, 0% used [0x0000000780780000,0x0000000780780000,0x000000078c300000)
  from space 5632K, 99% used [0x000000078d000000,0x000000078d57d030,0x000000078d580000)
  to   space 13312K, 0% used [0x000000078c300000,0x000000078c300000,0x000000078d000000)
 ParOldGen       total 65536K, used 18093K [0x0000000701600000, 0x0000000705600000, 0x0000000780780000)
  object space 65536K, 27% used [0x0000000701600000,0x00000007027ab508,0x0000000705600000)
 Metaspace       used 32507K, capacity 32994K, committed 33328K, reserved 1079296K
  class space    used 3955K, capacity 4088K, committed 4144K, reserved 1048576K
}

