# JRE version: Java(TM) SE Runtime Environment (8.0_172-b03) (build 1.8.0_172-ea-b03)
# Java VM: Java HotSpot(TM) 64-Bit Server VM (25.172-b03 mixed mode windows-amd64 compressed oops)
Heap:
 PSYoungGen      total 202240K, used 29452K [0x0000000780780000, 0x0000000794c00000, 0x00000007c0000000)
  eden space 193536K, 12% used [0x0000000780780000,0x0000000781e7c350,0x000000078c480000)
  from space 8704K, 67% used [0x000000078c480000,0x000000078ca46da0,0x000000078cd00000)
  to   space 8704K, 0% used [0x0000000794380000,0x0000000794380000,0x0000000794c00000)
 ParOldGen       total 64000K, used 6131K [0x0000000701600000, 0x0000000705480000, 0x0000000780780000)
  object space 64000K, 9% used [0x0000000701600000,0x0000000701bfcfc8,0x0000000705480000)
 Metaspace       used 26934K, capacity 27304K, committed 27568K, reserved 1073152K
  class space    used 3293K, capacity 3399K, committed 3504K, reserved 1048576K
GC Heap History (10 events):
Event: 5.028 GC heap before
{Heap before GC invocations=4 (full 0):
 PSYoungGen      total 57344K, used 56483K [0x0000000780780000, 0x0000000787780000, 0x00000007c0000000)
  eden space 49152K, 100% used [0x0000000780780000,0x0000000783780000,0x0000000783780000)
  from space 8192K, 89% used [0x0000000783780000,0x0000000783ea8e70,0x0000000783f80000)
  to   space 8192K, 0% used [0x0000000786f80000,0x0000000786f80000,0x0000000787780000)
 ParOldGen       total 131072K, used 35K [0x0000000701600000, 0x0000000709600000, 0x0000000780780000)
  object space 131072K, 0% used [0x0000000701600000,0x0000000701608e48,0x0000000709600000)
 Metaspace       used 20362K, capacity 20690K, committed 20992K, reserved 1067008K
  class space    used 2420K, capacity 2503K, committed 2560K, reserved 1048576K
Event: 5.042 GC heap after
Heap after GC invocations=4 (full 0):
 PSYoungGen      total 106496K, used 7473K [0x0000000780780000, 0x0000000787780000, 0x00000007c0000000)
  eden space 98304K, 0% used [0x0000000780780000,0x0000000780780000,0x0000000786780000)
  from space 8192K, 91% used [0x0000000786f80000,0x00000007876cc710,0x0000000787780000)
  to   space 8192K, 0% used [0x0000000786780000,0x0000000786780000,0x0000000786f80000)
 ParOldGen       total 131072K, used 107K [0x0000000701600000, 0x0000000709600000, 0x0000000780780000)
  object space 131072K, 0% used [0x0000000701600000,0x000000070161ae58,0x0000000709600000)
 Metaspace       used 20362K, capacity 20690K, committed 20992K, reserved 1067008K
  class space    used 2420K, capacity 2503K, committed 2560K, reserved 1048576K
}
Event: 5.224 GC heap before
{Heap before GC invocations=5 (full 0):
 PSYoungGen      total 106496K, used 31151K [0x0000000780780000, 0x0000000787780000, 0x00000007c0000000)
  eden space 98304K, 24% used [0x0000000780780000,0x0000000781e9f7b0,0x0000000786780000)
  from space 8192K, 91% used [0x0000000786f80000,0x00000007876cc710,0x0000000787780000)
  to   space 8192K, 0% used [0x0000000786780000,0x0000000786780000,0x0000000786f80000)
 ParOldGen       total 131072K, used 107K [0x0000000701600000, 0x0000000709600000, 0x0000000780780000)
  object space 131072K, 0% used [0x0000000701600000,0x000000070161ae58,0x0000000709600000)
 Metaspace       used 20899K, capacity 21138K, committed 21296K, reserved 1069056K
  class space    used 2485K, capacity 2567K, committed 2608K, reserved 1048576K
Event: 5.264 GC heap after
Heap after GC invocations=5 (full 0):
 PSYoungGen      total 106496K, used 6146K [0x0000000780780000, 0x000000078d880000, 0x00000007c0000000)
  eden space 98304K, 0% used [0x0000000780780000,0x0000000780780000,0x0000000786780000)
  from space 8192K, 75% used [0x0000000786780000,0x0000000786d80988,0x0000000786f80000)
  to   space 8704K, 0% used [0x000000078d000000,0x000000078d000000,0x000000078d880000)
 ParOldGen       total 131072K, used 107K [0x0000000701600000, 0x0000000709600000, 0x0000000780780000)
  object space 131072K, 0% used [0x0000000701600000,0x000000070161ae58,0x0000000709600000)
 Metaspace       used 20899K, capacity 21138K, committed 21296K, reserved 1069056K
  class space    used 2485K, capacity 2567K, committed 2608K, reserved 1048576K
}
Event: 5.264 GC heap before
{Heap before GC invocations=6 (full 1):
 PSYoungGen      total 106496K, used 6146K [0x0000000780780000, 0x000000078d880000, 0x00000007c0000000)
  eden space 98304K, 0% used [0x0000000780780000,0x0000000780780000,0x0000000786780000)
  from space 8192K, 75% used [0x0000000786780000,0x0000000786d80988,0x0000000786f80000)
  to   space 8704K, 0% used [0x000000078d000000,0x000000078d000000,0x000000078d880000)
 ParOldGen       total 131072K, used 107K [0x0000000701600000, 0x0000000709600000, 0x0000000780780000)
  object space 131072K, 0% used [0x0000000701600000,0x000000070161ae58,0x0000000709600000)
 Metaspace       used 20899K, capacity 21138K, committed 21296K, reserved 1069056K
  class space    used 2485K, capacity 2567K, committed 2608K, reserved 1048576K
Event: 5.323 GC heap after
Heap after GC invocations=6 (full 1):
 PSYoungGen      total 106496K, used 0K [0x0000000780780000, 0x000000078d880000, 0x00000007c0000000)
  eden space 98304K, 0% used [0x0000000780780000,0x0000000780780000,0x0000000786780000)
  from space 8192K, 0% used [0x0000000786780000,0x0000000786780000,0x0000000786f80000)
  to   space 8704K, 0% used [0x000000078d000000,0x000000078d000000,0x000000078d880000)
 ParOldGen       total 64000K, used 6131K [0x0000000701600000, 0x0000000705480000, 0x0000000780780000)
  object space 64000K, 9% used [0x0000000701600000,0x0000000701bfcfc8,0x0000000705480000)
 Metaspace       used 20899K, capacity 21138K, committed 21296K, reserved 1069056K
  class space    used 2485K, capacity 2567K, committed 2608K, reserved 1048576K
}
Event: 8.278 GC heap before
{Heap before GC invocations=7 (full 1):
 PSYoungGen      total 106496K, used 98304K [0x0000000780780000, 0x000000078d880000, 0x00000007c0000000)
  eden space 98304K, 100% used [0x0000000780780000,0x0000000786780000,0x0000000786780000)
  from space 8192K, 0% used [0x0000000786780000,0x0000000786780000,0x0000000786f80000)
  to   space 8704K, 0% used [0x000000078d000000,0x000000078d000000,0x000000078d880000)
 ParOldGen       total 64000K, used 6131K [0x0000000701600000, 0x0000000705480000, 0x0000000780780000)
  object space 64000K, 9% used [0x0000000701600000,0x0000000701bfcfc8,0x0000000705480000)
 Metaspace       used 24666K, capacity 25008K, committed 25264K, reserved 1071104K
  class space    used 3020K, capacity 3123K, committed 3248K, reserved 1048576K
Event: 8.300 GC heap after
Heap after GC invocations=7 (full 1):
 PSYoungGen      total 183296K, used 5627K [0x0000000780780000, 0x000000078d580000, 0x00000007c0000000)
  eden space 177664K, 0% used [0x0000000780780000,0x0000000780780000,0x000000078b500000)
  from space 5632K, 99% used [0x000000078d000000,0x000000078d57ee18,0x000000078d580000)
  to   space 8704K, 0% used [0x000000078c480000,0x000000078c480000,0x000000078cd00000)
 ParOldGen       total 64000K, used 6131K [0x0000000701600000, 0x0000000705480000, 0x0000000780780000)
  object space 64000K, 9% used [0x0000000701600000,0x0000000701bfcfc8,0x0000000705480000)
 Metaspace       used 24666K, capacity 25008K, committed 25264K, reserved 1071104K
  class space    used 3020K, capacity 3123K, committed 3248K, reserved 1048576K
}
Event: 9.389 GC heap before
{Heap before GC invocations=8 (full 1):
 PSYoungGen      total 183296K, used 183291K [0x0000000780780000, 0x000000078d580000, 0x00000007c0000000)
  eden space 177664K, 100% used [0x0000000780780000,0x000000078b500000,0x000000078b500000)
  from space 5632K, 99% used [0x000000078d000000,0x000000078d57ee18,0x000000078d580000)
  to   space 8704K, 0% used [0x000000078c480000,0x000000078c480000,0x000000078cd00000)
 ParOldGen       total 64000K, used 6131K [0x0000000701600000, 0x0000000705480000, 0x0000000780780000)
  object space 64000K, 9% used [0x0000000701600000,0x0000000701bfcfc8,0x0000000705480000)
 Metaspace       used 26123K, capacity 26502K, committed 26928K, reserved 1073152K
  class space    used 3177K, capacity 3292K, committed 3376K, reserved 1048576K
Event: 9.400 GC heap after
Heap after GC invocations=8 (full 1):
 PSYoungGen      total 202240K, used 5915K [0x0000000780780000, 0x0000000794c00000, 0x00000007c0000000)
  eden space 193536K, 0% used [0x0000000780780000,0x0000000780780000,0x000000078c480000)
  from space 8704K, 67% used [0x000000078c480000,0x000000078ca46da0,0x000000078cd00000)
  to   space 8704K, 0% used [0x0000000794380000,0x0000000794380000,0x0000000794c00000)
 ParOldGen       total 64000K, used 6131K [0x0000000701600000, 0x0000000705480000, 0x0000000780780000)
  object space 64000K, 9% used [0x0000000701600000,0x0000000701bfcfc8,0x0000000705480000)
 Metaspace       used 26123K, capacity 26502K, committed 26928K, reserved 1073152K
  class space    used 3177K, capacity 3292K, committed 3376K, reserved 1048576K
}

